[ TRACE ] Creating and configuring console log listener
[ TRACE ] Creating configuration manager
[ TRACE ] Adding configuration file(s) [../share/openvibe.conf]
[ TRACE ] Processing configuration file ../share/openvibe.conf
[ DEBUG ] Ignored comment in configuration file ../share/openvibe.conf : ######################################################################################
[ DEBUG ] Ignored comment in configuration file ../share/openvibe.conf : ## OpenViBE configuration file
[ DEBUG ] Ignored comment in configuration file ../share/openvibe.conf : ##
[ DEBUG ] Ignored comment in configuration file ../share/openvibe.conf : ## - The file consists of a list of "token name = token value"
[ DEBUG ] Ignored comment in configuration file ../share/openvibe.conf : ## - Whatever space / tabulation at the begining or end of a line is removed
[ DEBUG ] Ignored comment in configuration file ../share/openvibe.conf : ## - Comments start with #
[ DEBUG ] Ignored comment in configuration file ../share/openvibe.conf : ## - Lines ending with \ continue on the next line (all ending \ are removed)
[ DEBUG ] Ignored comment in configuration file ../share/openvibe.conf : ## - You can use ${token name} in a token value
[ DEBUG ] Ignored comment in configuration file ../share/openvibe.conf : ## - You can use $Environment{env name} in a token value to get an environment variable
[ DEBUG ] Ignored comment in configuration file ../share/openvibe.conf : ######################################################################################
[ DEBUG ] Ignored comment in configuration file ../share/openvibe.conf : ######################################################################################
[ DEBUG ] Ignored comment in configuration file ../share/openvibe.conf : # OpenViBE configuration
[ DEBUG ] Ignored comment in configuration file ../share/openvibe.conf : #####################################################################################
[ TRACE ] Changing configuration token Path_Root to ..
[ TRACE ] Changing configuration token Path_Bin to ${Path_Root}/bin
[ TRACE ] Changing configuration token Path_Lib to ${Path_Root}/lib
[ TRACE ] Changing configuration token Path_Log to ${Path_Root}/log
[ TRACE ] Changing configuration token Path_Tmp to ${Path_Root}/tmp
[ TRACE ] Adding configuration token Path_Samples : ${Path_Root}/share/openvibe-scenarios
[ DEBUG ] Ignored comment in configuration file ../share/openvibe.conf : #####################################################################################
[ DEBUG ] Ignored comment in configuration file ../share/openvibe.conf : # System Generalization
[ DEBUG ] Ignored comment in configuration file ../share/openvibe.conf : #####################################################################################
[ TRACE ] Adding configuration token Shell_ExtensionWindows : .cmd
[ TRACE ] Adding configuration token Shell_ExtensionLinux : .sh
[ TRACE ] Adding configuration token Shell_Extension : ${Shell_Extension${OperatingSystem}}
[ TRACE ] Adding configuration token Program_Launcher_PrefixWindows : ov-
[ TRACE ] Adding configuration token Program_Launcher_PrefixLinux : ov-
[ TRACE ] Adding configuration token Program_Launcher_Prefix : ${Program_Launcher_Prefix${OperatingSystem}}
[ TRACE ] Adding configuration token External_Application_LauncherWindows : OpenViBE-external-application-launcher.cmd
[ TRACE ] Adding configuration token External_Application_LauncherLinux : ./OpenViBE-external-application-launcher.sh
[ TRACE ] Adding configuration token External_Application_Launcher : ${External_Application_Launcher${OperatingSystem}}
[ TRACE ] Adding configuration token VRPN_ExternalServerPort : 53883
[ DEBUG ] Ignored comment in configuration file ../share/openvibe.conf : #####################################################################################
[ DEBUG ] Ignored comment in configuration file ../share/openvibe.conf : # OpenViBE kernel configuration
[ DEBUG ] Ignored comment in configuration file ../share/openvibe.conf : #####################################################################################
[ TRACE ] Changing configuration token Kernel_PluginsPatternLinux to ${Path_Lib}/libOpenViBE-plugins-*.so
[ TRACE ] Changing configuration token Kernel_PluginsPatternWindows to ${Path_Bin}/OpenViBE-plugins-*.dll
[ TRACE ] Changing configuration token Kernel_Plugins to ${Kernel_PluginsPattern${OperatingSystem}}
[ TRACE ] Changing configuration token Kernel_MainLogLevel to Information
[ TRACE ] Changing configuration token Kernel_ConsoleLogLevel to Trace
[ TRACE ] Adding configuration token Kernel_ConsoleLogWithHexa : False
[ TRACE ] Adding configuration token Kernel_ConsoleLogTimeInSecond : True
[ TRACE ] Adding configuration token Kernel_ConsoleLogTimePrecision : 3
[ TRACE ] Changing configuration token Kernel_FileLogLevel to Debug
[ TRACE ] Adding configuration token Kernel_FileLogWithHexa : True
[ TRACE ] Adding configuration token Kernel_FileLogTimeInSecond : False
[ TRACE ] Adding configuration token Kernel_FileLogTimePrecision : 3
[ TRACE ] Changing configuration token Kernel_PlayerFrequency to 128
[ TRACE ] Adding configuration token Kernel_DelayedConfiguration : ${Path_Root}/share/openvibe-delayed.conf
[ TRACE ] Adding configuration token Kernel_AllowUnregisteredNumericalStimulationIdentifiers : false
[ TRACE ] Adding configuration token Kernel_3DVisualisationEnabled : true
[ TRACE ] Adding configuration token Kernel_3DVisualisationOgreStatisticsOverlayEnabled : false
[ TRACE ] Adding configuration token Kernel_3DVisualisationOgreConfiguration : ${Path_Root}/share/openvibe-kernel-omk/ogre.cfg
[ TRACE ] Adding configuration token Kernel_3DVisualisationOgreResources : ${Path_Root}/share/openvibe-kernel-omk/resources.cfg
[ TRACE ] Adding configuration token Kernel_3DVisualisationOgrePluginsLinux : $Environment{OGRE_HOME}/lib/OGRE/Plugins.cfg
[ TRACE ] Adding configuration token Kernel_3DVisualisationOgrePluginsWindowsSubDirectoryRelease : release
[ TRACE ] Adding configuration token Kernel_3DVisualisationOgrePluginsWindowsSubDirectoryDebug : debug
[ TRACE ] Adding configuration token Kernel_3DVisualisationOgrePluginsWindows : $Environment{OGRE_HOME}/bin/${Kernel_3DVisualisationOgrePluginsWindowsSubDirectory${BuildType}}/Plugins.cfg
[ TRACE ] Adding configuration token Kernel_3DVisualisationOgrePlugins : ${Kernel_3DVisualisationOgrePlugins${OperatingSystem}}
[ TRACE ] Adding configuration token Kernel_3DVisualisationOgreLogLevel : Debug
[ DEBUG ] Ignored comment in configuration file ../share/openvibe.conf : #####################################################################################
[ DEBUG ] Ignored comment in configuration file ../share/openvibe.conf : # OpenViBE plugin configuration
[ DEBUG ] Ignored comment in configuration file ../share/openvibe.conf : #####################################################################################
[ TRACE ] Adding configuration token Plugin_Classification_RandomizeKFoldTestData : true
[ DEBUG ] Ignored comment in configuration file ../share/openvibe.conf : #####################################################################################
[ DEBUG ] Ignored comment in configuration file ../share/openvibe.conf : # OpenViBE application designer configuration
[ DEBUG ] Ignored comment in configuration file ../share/openvibe.conf : #####################################################################################
[ TRACE ] Adding configuration token Designer_Locale : C
[ TRACE ] Adding configuration token Designer_UndoRedoStackSize : 64
[ TRACE ] Adding configuration token Designer_ShowAlgorithms : false
[ TRACE ] Adding configuration token Designer_ShowDeprecated : false
[ TRACE ] Adding configuration token Designer_ShowUnstable : false
[ TRACE ] Adding configuration token Designer_ShowOriginalBoxName : true
[ TRACE ] Adding configuration token Designer_FullscreenEditor : false
[ DEBUG ] Ignored comment in configuration file ../share/openvibe.conf : #Designer_FullscreenVisualisation = true
[ TRACE ] Adding configuration token Designer_UnaffectedVisualisationWindowWidth : 480
[ TRACE ] Adding configuration token Designer_UnaffectedVisualisationWindowHeight : 320
[ DEBUG ] Ignored comment in configuration file ../share/openvibe.conf : #Designer_UnaffectedVisualisationWindowFullscreen = false
[ TRACE ] Adding configuration token Designer_DefaultWorkingDirectory : ${Path_Root}
[ TRACE ] Adding configuration token Designer_WindowManager_Center : false
[ TRACE ] Adding configuration token Designer_WebBrowserCommand_Windows : start
[ TRACE ] Adding configuration token Designer_WebBrowserCommand_Linux : xdg-open
[ TRACE ] Adding configuration token Designer_WebBrowserCommand : ${Designer_WebBrowserCommand_${OperatingSystem}}
[ TRACE ] Adding configuration token Designer_WebBrowserHelpURLBase : http://openvibe.inria.fr/documentation/unstable
[ TRACE ] Adding configuration token Designer_WebBrowserOpenViBEHomepage : http://openvibe.inria.fr/
[ TRACE ] Adding configuration token Designer_ScriptEditorCommand_Windows : notepad
[ TRACE ] Adding configuration token Designer_ScriptEditorCommand_Linux : xdg-open
[ TRACE ] Adding configuration token Designer_ScriptEditorCommand : ${Designer_ScriptEditorCommand_${OperatingSystem}}
[ TRACE ] Adding configuration token Designer_PopUpOnError : false
[ TRACE ] Adding configuration token Designer_AllowUpCastConnection : false
[ TRACE ] Adding configuration token Designer_ConsoleLogWithHexa : false
[ TRACE ] Adding configuration token Designer_ConsoleLogTimeInSecond : True
[ TRACE ] Adding configuration token Designer_ConsoleLogTimePrecision : 3
[ DEBUG ] Ignored comment in configuration file ../share/openvibe.conf : #####################################################################################
[ DEBUG ] Ignored comment in configuration file ../share/openvibe.conf : # OpenViBE application acquisition server configuration
[ DEBUG ] Ignored comment in configuration file ../share/openvibe.conf : #####################################################################################
[ TRACE ] Adding configuration token AcquisitionServer_ShowUnstable : true
[ TRACE ] Adding configuration token AcquisitionServer_HostName : localhost
[ TRACE ] Adding configuration token AcquisitionServer_DefaultDriver : ${AcquisitionServer_LastDriver}
[ TRACE ] Adding configuration token AcquisitionServer_DefaultSampleCountPerBuffer : ${AcquisitionServer_LastSampleCountPerBuffer}
[ TRACE ] Adding configuration token AcquisitionServer_DefaultConnectionPort : ${AcquisitionServer_LastConnectionPort}
[ TRACE ] Adding configuration token AcquisitionServer_LastDriver : Generic oscillator
[ TRACE ] Adding configuration token AcquisitionServer_LastSampleCountPerBuffer : 32
[ TRACE ] Adding configuration token AcquisitionServer_LastConnectionPort : 1024
[ TRACE ] Adding configuration token AcquisitionServer_DriftCorrectionPolicy : DriverChoice
[ TRACE ] Adding configuration token AcquisitionServer_JitterEstimationCountForDrift : 16
[ TRACE ] Adding configuration token AcquisitionServer_DriftToleranceDuration : 2
[ TRACE ] Adding configuration token AcquisitionServer_OverSamplingFactor : 1
[ TRACE ] Adding configuration token AcquisitionServer_StartedDriverSleepDuration : 4
[ TRACE ] Adding configuration token AcquisitionServer_StoppedDriverSleepDuration : 100
[ TRACE ] Adding configuration token AcquisitionServer_DriverTimeoutDuration : 5000
[ TRACE ] Adding configuration token AcquisitionServer_NaNReplacementPolicy : LastCorrectValue
[ TRACE ] Adding configuration token AcquisitionServer_CheckImpedance : false
[ TRACE ] Adding configuration token AcquisitionServer_CheckImpedance_ColumnCount : 8
[ TRACE ] Adding configuration token AcquisitionServer_Driver_MicromedTimeOut : ${AcquisitionServer_DriverTimeoutDuration}
[ TRACE ] Adding configuration token AcquisitionServer_NeuroskyMindset_ESenseValues : false
[ TRACE ] Adding configuration token AcquisitionServer_NeuroskyMindset_PowerBands : false
[ TRACE ] Adding configuration token AcquisitionServer_NeuroskyMindset_BlinkStrength : false
[ TRACE ] Adding configuration token AcquisitionServer_NeuroskyMindset_Blink : false
[ DEBUG ] Ignored comment in configuration file ../share/openvibe.conf : #####################################################################################
[ DEBUG ] Ignored comment in configuration file ../share/openvibe.conf : # OpenViBE application plugin inspector configuration
[ DEBUG ] Ignored comment in configuration file ../share/openvibe.conf : #####################################################################################
[ TRACE ] Adding configuration token PluginInspector_DumpGlobalDefinesDirectory : ${Path_Root}
[ DEBUG ] Ignored comment in configuration file ../share/openvibe.conf : #PluginInspector_DumpAlgorithmSnapshotDirectory = $Environment{OpenViBE_documentation}/src/algorithm-snapshots
[ DEBUG ] Ignored comment in configuration file ../share/openvibe.conf : #PluginInspector_DumpAlgorithmDocTemplateDirectory = $Environment{OpenViBE_documentation}/src/algorithm-doc
[ TRACE ] Adding configuration token PluginInspector_DumpBoxAlgorithmSnapshotDirectory : $Environment{OpenViBE_documentation}/src/box-algorithm-snapshots
[ TRACE ] Adding configuration token PluginInspector_DumpBoxAlgorithmDocTemplateDirectory : $Environment{OpenViBE_documentation}/src/box-algorithm-doc
[ DEBUG ] Ignored comment in configuration file ../share/openvibe.conf : #####################################################################################
[ DEBUG ] Ignored comment in configuration file ../share/openvibe.conf : # Include custom configuration
[ DEBUG ] Ignored comment in configuration file ../share/openvibe.conf : #####################################################################################
[ TRACE ] Adding configuration token CustomConfigurationPrefixWindows : ${UserHome}/openvibe
[ TRACE ] Adding configuration token CustomConfigurationPrefixLinux : ${UserHome}/.openvibe
[ TRACE ] Adding configuration token CustomConfigurationSuffixWindows : .conf
[ TRACE ] Adding configuration token CustomConfigurationSuffixLinux : rc
[ TRACE ] Adding configuration token CustomConfiguration : ${CustomConfigurationPrefix${OperatingSystem}}${CustomConfigurationSuffix${OperatingSystem}}
[ TRACE ] Adding configuration token CustomConfigurationApplication : ${CustomConfigurationPrefix${OperatingSystem}}-${ApplicationName}${CustomConfigurationSuffix${OperatingSystem}}
[ TRACE ] Including configuration file C:\Users\Erik/openvibe-acquisition-server.conf...
[ TRACE ] Adding configuration file(s) [C:\Users\Erik/openvibe-acquisition-server.conf]
[ TRACE ] Processing configuration file C:\Users\Erik/openvibe-acquisition-server.conf
[ DEBUG ] Ignored comment in configuration file C:\Users\Erik/openvibe-acquisition-server.conf : # This file is generated
[ DEBUG ] Ignored comment in configuration file C:\Users\Erik/openvibe-acquisition-server.conf : # Do not modify
[ DEBUG ] Ignored comment in configuration file C:\Users\Erik/openvibe-acquisition-server.conf : # Last settings set in the acquisition server
[ TRACE ] Changing configuration token AcquisitionServer_LastDriver to Emotiv EPOC
[ TRACE ] Changing configuration token AcquisitionServer_LastSampleCountPerBuffer to 32
[ TRACE ] Changing configuration token AcquisitionServer_LastConnectionPort to 1025
[ DEBUG ] Ignored comment in configuration file C:\Users\Erik/openvibe-acquisition-server.conf : # Last Preferences set in the acquisition server
[ TRACE ] Changing configuration token AcquisitionServer_DriftCorrectionPolicy to DriverChoice
[ TRACE ] Changing configuration token AcquisitionServer_JitterEstimationCountForDrift to 16
[ TRACE ] Changing configuration token AcquisitionServer_DriftToleranceDuration to 2
[ TRACE ] Changing configuration token AcquisitionServer_OverSamplingFactor to 1
[ TRACE ] Changing configuration token AcquisitionServer_CheckImpedance to False
[ TRACE ] Changing configuration token AcquisitionServer_NaNReplacementPolicy to LastCorrectValue
[ DEBUG ] Ignored comment in configuration file C:\Users\Erik/openvibe-acquisition-server.conf : # Path to emotiv SDK
[ TRACE ] Adding configuration token AcquisitionServer_PathToEmotivResearchSDK : C:/Program Files (x86)/Emotiv Xavier SDK v3.0.0.40-PREMIUM/EDK/x86/
[ TRACE ] Processing configuration file C:\Users\Erik/openvibe-acquisition-server.conf finished
[ TRACE ] Including configuration file C:\Users\Erik/openvibe-acquisition-server.conf done...
[ TRACE ] Including configuration file C:\Users\Erik/openvibe.conf...
[ TRACE ] Adding configuration file(s) [C:\Users\Erik/openvibe.conf]
[ TRACE ] Including configuration file C:\Users\Erik/openvibe.conf done...
[ TRACE ] Processing configuration file ../share/openvibe.conf finished
[  INF  ] Adding [../bin/OpenViBE-plugins-*.dll]
[  INF  ] Added 2 (0x2) plugin object descriptor(s) from [../bin/OpenViBE-plugins-acquisition-dynamic.dll]
[  INF  ] Added 6 (0x6) plugin object descriptor(s) from [../bin/OpenViBE-plugins-classification-dynamic.dll]
[  INF  ] Added 1 (0x1) plugin object descriptor(s) from [../bin/OpenViBE-plugins-classification-gpl-dynamic.dll]
[  INF  ] Added 1 (0x1) plugin object descriptor(s) from [../bin/OpenViBE-plugins-feature-extraction-dynamic.dll]
[  INF  ] Added 17 (0x11) plugin object descriptor(s) from [../bin/OpenViBE-plugins-file-io-dynamic.dll]
[WARNING] No 'plugin object descriptor' found from [../bin/OpenViBE-plugins-matlab-dynamic.dll] even if it looked like a plugin module
[WARNING] No 'plugin object descriptor' found from [../bin/OpenViBE-plugins-python-dynamic.dll] even if it looked like a plugin module
[  INF  ] Added 9 (0x9) plugin object descriptor(s) from [../bin/OpenViBE-plugins-samples-dynamic.dll]
[  INF  ] Added 29 (0x1d) plugin object descriptor(s) from [../bin/OpenViBE-plugins-signal-processing-dynamic.dll]
[  INF  ] Added 22 (0x16) plugin object descriptor(s) from [../bin/OpenViBE-plugins-signal-processing-gpl-dynamic.dll]
[  INF  ] Added 17 (0x11) plugin object descriptor(s) from [../bin/OpenViBE-plugins-simple-visualisation-dynamic.dll]
[  INF  ] Added 12 (0xc) plugin object descriptor(s) from [../bin/OpenViBE-plugins-stimulation-dynamic.dll]
[  INF  ] Added 19 (0x13) plugin object descriptor(s) from [../bin/OpenViBE-plugins-stream-codecs-dynamic.dll]
[  INF  ] Added 3 (0x3) plugin object descriptor(s) from [../bin/OpenViBE-plugins-streaming-dynamic.dll]
[  INF  ] Added 4 (0x4) plugin object descriptor(s) from [../bin/OpenViBE-plugins-tools-dynamic.dll]
[  INF  ] Added 4 (0x4) plugin object descriptor(s) from [../bin/OpenViBE-plugins-vrpn-dynamic.dll]
[WARNING] Registery key Software\VB and VBA Program Settings\Brain Quick - System 98\EEG_Settings is not initialized
[  INF  ] Path to Emotiv Research SDK is set to [C:/Program Files (x86)/Emotiv Xavier SDK v3.0.0.40-PREMIUM/EDK/x86/]
[  INF  ] Connecting to device [Emotiv EPOC]...
[  INF  ] Connection succeeded !
[  INF  ] Starting the acquisition...
[  INF  ] Now acquiring...
[WARNING] After 5000 (0x1388) milliseconds, did not receive anything from the driver - Timed out
[  INF  ] Stoping the acquisition.
[  INF  ] Disconnecting.
[  INF  ] Connecting to device [Emotiv EPOC]...
[  INF  ] Connection succeeded !
[  INF  ] Starting the acquisition...
[  INF  ] Now acquiring...
[WARNING] After 5000 (0x1388) milliseconds, did not receive anything from the driver - Timed out
[  INF  ] Stoping the acquisition.
[  INF  ] Disconnecting.
[  INF  ] Connecting to device [Emotiv EPOC]...
[  INF  ] Connection succeeded !
[  INF  ] Starting the acquisition...
[  INF  ] Now acquiring...
[WARNING] After 5000 (0x1388) milliseconds, did not receive anything from the driver - Timed out
[  INF  ] Stoping the acquisition.
[  INF  ] Disconnecting.
[  INF  ] Connecting to device [Emotiv EPOC]...
[  INF  ] Connection succeeded !
[  INF  ] Starting the acquisition...
[  INF  ] Now acquiring...
[WARNING] After 5000 (0x1388) milliseconds, did not receive anything from the driver - Timed out
[  INF  ] Stoping the acquisition.
[  INF  ] Disconnecting.
